<?xml version="1.0" encoding="UTF-8"?>
<coverage generated="1501913428496" clover="3.2.0">
  <project timestamp="1501913428496" name="All files">
    <metrics statements="88" coveredstatements="88" conditionals="26" coveredconditionals="26" methods="29" coveredmethods="29" elements="143" coveredelements="143" complexity="0" loc="88" ncloc="88" packages="1" files="3" classes="3">
      <file name="git-utils.js" path="/Users/l4nk332/Code/Javascript/Project-Palette/helpers/git-utils.js">
        <metrics statements="16" coveredstatements="16" conditionals="2" coveredconditionals="2" methods="4" coveredmethods="4"/>
        <line num="1" count="1" type="stmt"/>
        <line num="2" count="1" type="stmt"/>
        <line num="3" count="1" type="stmt"/>
        <line num="5" count="1" type="stmt"/>
        <line num="6" count="5" type="stmt"/>
        <line num="7" count="5" type="stmt"/>
        <line num="11" count="5" type="cond" truecount="2" falsecount="0"/>
        <line num="12" count="4" type="stmt"/>
        <line num="14" count="1" type="stmt"/>
        <line num="21" count="1" type="stmt"/>
        <line num="22" count="1001" type="stmt"/>
        <line num="23" count="1001" type="stmt"/>
        <line num="24" count="1001" type="stmt"/>
        <line num="25" count="1001" type="stmt"/>
        <line num="27" count="1001" type="stmt"/>
        <line num="35" count="1" type="stmt"/>
      </file>
      <file name="palette-parser.js" path="/Users/l4nk332/Code/Javascript/Project-Palette/helpers/palette-parser.js">
        <metrics statements="55" coveredstatements="55" conditionals="22" coveredconditionals="22" methods="18" coveredmethods="18"/>
        <line num="1" count="1" type="stmt"/>
        <line num="2" count="1" type="stmt"/>
        <line num="3" count="1" type="stmt"/>
        <line num="4" count="1" type="stmt"/>
        <line num="6" count="1" type="stmt"/>
        <line num="10" count="1" type="stmt"/>
        <line num="14" count="6" type="stmt"/>
        <line num="15" count="6" type="stmt"/>
        <line num="19" count="29" type="stmt"/>
        <line num="20" count="31" type="cond" truecount="2" falsecount="0"/>
        <line num="21" count="13" type="stmt"/>
        <line num="27" count="18" type="stmt"/>
        <line num="42" count="6" type="stmt"/>
        <line num="43" count="6" type="stmt"/>
        <line num="44" count="6" type="cond" truecount="2" falsecount="0"/>
        <line num="45" count="1" type="stmt"/>
        <line num="46" count="5" type="cond" truecount="2" falsecount="0"/>
        <line num="47" count="4" type="stmt"/>
        <line num="49" count="13" type="stmt"/>
        <line num="52" count="13" type="stmt"/>
        <line num="55" count="4" type="stmt"/>
        <line num="57" count="1" type="stmt"/>
        <line num="64" count="11" type="stmt"/>
        <line num="65" count="11" type="cond" truecount="2" falsecount="0"/>
        <line num="66" count="9" type="stmt"/>
        <line num="70" count="9" type="stmt"/>
        <line num="72" count="9" type="stmt"/>
        <line num="74" count="81" type="stmt"/>
        <line num="75" count="81" type="stmt"/>
        <line num="76" count="81" type="stmt"/>
        <line num="77" count="81" type="stmt"/>
        <line num="79" count="81" type="cond" truecount="2" falsecount="0"/>
        <line num="80" count="8" type="stmt"/>
        <line num="83" count="81" type="cond" truecount="2" falsecount="0"/>
        <line num="84" count="10" type="stmt"/>
        <line num="87" count="81" type="cond" truecount="2" falsecount="0"/>
        <line num="88" count="4" type="stmt"/>
        <line num="91" count="81" type="cond" truecount="2" falsecount="0"/>
        <line num="92" count="7" type="stmt"/>
        <line num="95" count="81" type="stmt"/>
        <line num="98" count="9" type="stmt"/>
        <line num="101" count="2" type="stmt"/>
        <line num="107" count="16" type="stmt"/>
        <line num="108" count="16" type="stmt"/>
        <line num="109" count="16" type="cond" truecount="2" falsecount="0"/>
        <line num="110" count="1" type="stmt"/>
        <line num="111" count="15" type="cond" truecount="2" falsecount="0"/>
        <line num="112" count="11" type="stmt"/>
        <line num="113" count="4" type="cond" truecount="2" falsecount="0"/>
        <line num="114" count="3" type="stmt"/>
        <line num="116" count="1" type="stmt"/>
        <line num="123" count="3" type="stmt"/>
        <line num="125" count="2" type="stmt"/>
        <line num="128" count="1" type="stmt"/>
        <line num="133" count="1" type="stmt"/>
      </file>
      <file name="regular-expressions.js" path="/Users/l4nk332/Code/Javascript/Project-Palette/helpers/regular-expressions.js">
        <metrics statements="17" coveredstatements="17" conditionals="2" coveredconditionals="2" methods="7" coveredmethods="7"/>
        <line num="2" count="2" type="stmt"/>
        <line num="3" count="111" type="stmt"/>
        <line num="6" count="2" type="stmt"/>
        <line num="7" count="106" type="stmt"/>
        <line num="12" count="2" type="stmt"/>
        <line num="13" count="100" type="stmt"/>
        <line num="17" count="2" type="stmt"/>
        <line num="169" count="2" type="stmt"/>
        <line num="170" count="97" type="stmt"/>
        <line num="175" count="97" type="stmt"/>
        <line num="176" count="839" type="stmt"/>
        <line num="179" count="97" type="cond" truecount="2" falsecount="0"/>
        <line num="183" count="2" type="stmt"/>
        <line num="184" count="25" type="stmt"/>
        <line num="187" count="2" type="stmt"/>
        <line num="188" count="39" type="stmt"/>
        <line num="192" count="2" type="stmt"/>
      </file>
    </metrics>
  </project>
</coverage>
