{"/Users/l4nk332/Code/Javascript/Project-Palette/helpers/git-utils.js": {"path":"/Users/l4nk332/Code/Javascript/Project-Palette/helpers/git-utils.js","statementMap":{"0":{"start":{"line":1,"column":21},"end":{"line":1,"column":45}},"1":{"start":{"line":2,"column":13},"end":{"line":2,"column":28}},"2":{"start":{"line":3,"column":15},"end":{"line":3,"column":32}},"3":{"start":{"line":4,"column":16},"end":{"line":4,"column":34}},"4":{"start":{"line":7,"column":17},"end":{"line":17,"column":1}},"5":{"start":{"line":8,"column":4},"end":{"line":16,"column":7}},"6":{"start":{"line":9,"column":8},"end":{"line":15,"column":11}},"7":{"start":{"line":10,"column":12},"end":{"line":14,"column":13}},"8":{"start":{"line":11,"column":16},"end":{"line":11,"column":28}},"9":{"start":{"line":13,"column":16},"end":{"line":13,"column":35}},"10":{"start":{"line":19,"column":27},"end":{"line":31,"column":1}},"11":{"start":{"line":20,"column":24},"end":{"line":20,"column":36}},"12":{"start":{"line":21,"column":18},"end":{"line":21,"column":60}},"13":{"start":{"line":22,"column":20},"end":{"line":22,"column":70}},"14":{"start":{"line":23,"column":21},"end":{"line":23,"column":56}},"15":{"start":{"line":25,"column":4},"end":{"line":30,"column":6}},"16":{"start":{"line":33,"column":0},"end":{"line":36,"column":2}}},"fnMap":{"0":{"name":"(anonymous_0)","decl":{"start":{"line":7,"column":17},"end":{"line":7,"column":18}},"loc":{"start":{"line":7,"column":37},"end":{"line":17,"column":1}},"line":7},"1":{"name":"(anonymous_1)","decl":{"start":{"line":8,"column":23},"end":{"line":8,"column":24}},"loc":{"start":{"line":8,"column":44},"end":{"line":16,"column":5}},"line":8},"2":{"name":"(anonymous_2)","decl":{"start":{"line":9,"column":59},"end":{"line":9,"column":60}},"loc":{"start":{"line":9,"column":68},"end":{"line":15,"column":9}},"line":9},"3":{"name":"(anonymous_3)","decl":{"start":{"line":19,"column":27},"end":{"line":19,"column":28}},"loc":{"start":{"line":19,"column":36},"end":{"line":31,"column":1}},"line":19}},"branchMap":{"0":{"loc":{"start":{"line":10,"column":12},"end":{"line":14,"column":13}},"type":"if","locations":[{"start":{"line":10,"column":12},"end":{"line":14,"column":13}},{"start":{"line":10,"column":12},"end":{"line":14,"column":13}}],"line":10}},"s":{"0":1,"1":1,"2":1,"3":1,"4":1,"5":2,"6":2,"7":2,"8":1,"9":1,"10":1,"11":1001,"12":1001,"13":1001,"14":1001,"15":1001,"16":1},"f":{"0":2,"1":2,"2":2,"3":1001},"b":{"0":[1,1]},"_coverageSchema":"332fd63041d2c1bcb487cc26dd0d5f7d97098a6c","hash":"7d60504fe8bf6599801378eeaf062d5dba0ca96a"}
,"/Users/l4nk332/Code/Javascript/Project-Palette/helpers/palette-parser.js": {"path":"/Users/l4nk332/Code/Javascript/Project-Palette/helpers/palette-parser.js","statementMap":{"0":{"start":{"line":1,"column":17},"end":{"line":1,"column":36}},"1":{"start":{"line":2,"column":11},"end":{"line":2,"column":24}},"2":{"start":{"line":3,"column":13},"end":{"line":3,"column":28}},"3":{"start":{"line":4,"column":16},"end":{"line":4,"column":34}},"4":{"start":{"line":6,"column":41},"end":{"line":6,"column":73}},"5":{"start":{"line":7,"column":54},"end":{"line":7,"column":86}},"6":{"start":{"line":12,"column":8},"end":{"line":12,"column":27}},"7":{"start":{"line":13,"column":8},"end":{"line":13,"column":34}},"8":{"start":{"line":17,"column":8},"end":{"line":34,"column":11}},"9":{"start":{"line":18,"column":12},"end":{"line":33,"column":13}},"10":{"start":{"line":19,"column":16},"end":{"line":23,"column":19}},"11":{"start":{"line":25,"column":16},"end":{"line":32,"column":18}},"12":{"start":{"line":38,"column":8},"end":{"line":56,"column":11}},"13":{"start":{"line":39,"column":12},"end":{"line":55,"column":15}},"14":{"start":{"line":40,"column":16},"end":{"line":42,"column":17}},"15":{"start":{"line":41,"column":20},"end":{"line":41,"column":32}},"16":{"start":{"line":44,"column":16},"end":{"line":54,"column":17}},"17":{"start":{"line":45,"column":38},"end":{"line":51,"column":26}},"18":{"start":{"line":47,"column":28},"end":{"line":47,"column":60}},"19":{"start":{"line":50,"column":28},"end":{"line":50,"column":86}},"20":{"start":{"line":53,"column":20},"end":{"line":53,"column":59}},"21":{"start":{"line":60,"column":8},"end":{"line":97,"column":11}},"22":{"start":{"line":61,"column":12},"end":{"line":96,"column":13}},"23":{"start":{"line":62,"column":27},"end":{"line":64,"column":18}},"24":{"start":{"line":66,"column":32},"end":{"line":66,"column":33}},"25":{"start":{"line":68,"column":16},"end":{"line":93,"column":19}},"26":{"start":{"line":69,"column":39},"end":{"line":69,"column":48}},"27":{"start":{"line":70,"column":39},"end":{"line":70,"column":48}},"28":{"start":{"line":71,"column":39},"end":{"line":71,"column":48}},"29":{"start":{"line":72,"column":45},"end":{"line":72,"column":64}},"30":{"start":{"line":74,"column":20},"end":{"line":76,"column":21}},"31":{"start":{"line":75,"column":24},"end":{"line":75,"column":70}},"32":{"start":{"line":78,"column":20},"end":{"line":80,"column":21}},"33":{"start":{"line":79,"column":24},"end":{"line":79,"column":70}},"34":{"start":{"line":82,"column":20},"end":{"line":84,"column":21}},"35":{"start":{"line":83,"column":24},"end":{"line":83,"column":70}},"36":{"start":{"line":86,"column":20},"end":{"line":88,"column":21}},"37":{"start":{"line":87,"column":24},"end":{"line":87,"column":76}},"38":{"start":{"line":90,"column":20},"end":{"line":90,"column":32}},"39":{"start":{"line":92,"column":20},"end":{"line":92,"column":30}},"40":{"start":{"line":95,"column":16},"end":{"line":95,"column":26}},"41":{"start":{"line":101,"column":8},"end":{"line":115,"column":11}},"42":{"start":{"line":102,"column":12},"end":{"line":114,"column":15}},"43":{"start":{"line":103,"column":16},"end":{"line":105,"column":17}},"44":{"start":{"line":104,"column":20},"end":{"line":104,"column":32}},"45":{"start":{"line":107,"column":16},"end":{"line":109,"column":17}},"46":{"start":{"line":108,"column":20},"end":{"line":108,"column":53}},"47":{"start":{"line":111,"column":16},"end":{"line":113,"column":17}},"48":{"start":{"line":112,"column":20},"end":{"line":112,"column":58}},"49":{"start":{"line":119,"column":8},"end":{"line":123,"column":11}},"50":{"start":{"line":120,"column":12},"end":{"line":120,"column":33}},"51":{"start":{"line":122,"column":12},"end":{"line":122,"column":22}},"52":{"start":{"line":127,"column":0},"end":{"line":127,"column":31}}},"fnMap":{"0":{"name":"(anonymous_0)","decl":{"start":{"line":11,"column":4},"end":{"line":11,"column":5}},"loc":{"start":{"line":11,"column":27},"end":{"line":14,"column":5}},"line":11},"1":{"name":"(anonymous_1)","decl":{"start":{"line":16,"column":4},"end":{"line":16,"column":5}},"loc":{"start":{"line":16,"column":47},"end":{"line":35,"column":5}},"line":16},"2":{"name":"(anonymous_2)","decl":{"start":{"line":17,"column":26},"end":{"line":17,"column":27}},"loc":{"start":{"line":17,"column":35},"end":{"line":34,"column":9}},"line":17},"3":{"name":"(anonymous_3)","decl":{"start":{"line":37,"column":4},"end":{"line":37,"column":5}},"loc":{"start":{"line":37,"column":25},"end":{"line":57,"column":5}},"line":37},"4":{"name":"(anonymous_4)","decl":{"start":{"line":38,"column":27},"end":{"line":38,"column":28}},"loc":{"start":{"line":38,"column":48},"end":{"line":56,"column":9}},"line":38},"5":{"name":"(anonymous_5)","decl":{"start":{"line":39,"column":28},"end":{"line":39,"column":29}},"loc":{"start":{"line":39,"column":44},"end":{"line":55,"column":13}},"line":39},"6":{"name":"(anonymous_6)","decl":{"start":{"line":46,"column":32},"end":{"line":46,"column":33}},"loc":{"start":{"line":46,"column":40},"end":{"line":48,"column":25}},"line":46},"7":{"name":"(anonymous_7)","decl":{"start":{"line":49,"column":29},"end":{"line":49,"column":30}},"loc":{"start":{"line":49,"column":37},"end":{"line":51,"column":25}},"line":49},"8":{"name":"(anonymous_8)","decl":{"start":{"line":59,"column":4},"end":{"line":59,"column":5}},"loc":{"start":{"line":59,"column":21},"end":{"line":98,"column":5}},"line":59},"9":{"name":"(anonymous_9)","decl":{"start":{"line":60,"column":27},"end":{"line":60,"column":28}},"loc":{"start":{"line":60,"column":40},"end":{"line":97,"column":9}},"line":60},"10":{"name":"(anonymous_10)","decl":{"start":{"line":68,"column":30},"end":{"line":68,"column":31}},"loc":{"start":{"line":68,"column":40},"end":{"line":91,"column":17}},"line":68},"11":{"name":"(anonymous_11)","decl":{"start":{"line":91,"column":31},"end":{"line":91,"column":32}},"loc":{"start":{"line":91,"column":37},"end":{"line":93,"column":17}},"line":91},"12":{"name":"(anonymous_12)","decl":{"start":{"line":100,"column":4},"end":{"line":100,"column":5}},"loc":{"start":{"line":100,"column":33},"end":{"line":116,"column":5}},"line":100},"13":{"name":"(anonymous_13)","decl":{"start":{"line":101,"column":27},"end":{"line":101,"column":28}},"loc":{"start":{"line":101,"column":48},"end":{"line":115,"column":9}},"line":101},"14":{"name":"(anonymous_14)","decl":{"start":{"line":102,"column":29},"end":{"line":102,"column":30}},"loc":{"start":{"line":102,"column":45},"end":{"line":114,"column":13}},"line":102},"15":{"name":"(anonymous_15)","decl":{"start":{"line":118,"column":4},"end":{"line":118,"column":5}},"loc":{"start":{"line":118,"column":23},"end":{"line":124,"column":5}},"line":118},"16":{"name":"(anonymous_16)","decl":{"start":{"line":119,"column":57},"end":{"line":119,"column":58}},"loc":{"start":{"line":119,"column":63},"end":{"line":121,"column":9}},"line":119},"17":{"name":"(anonymous_17)","decl":{"start":{"line":121,"column":17},"end":{"line":121,"column":18}},"loc":{"start":{"line":121,"column":24},"end":{"line":123,"column":9}},"line":121}},"branchMap":{"0":{"loc":{"start":{"line":18,"column":12},"end":{"line":33,"column":13}},"type":"if","locations":[{"start":{"line":18,"column":12},"end":{"line":33,"column":13}},{"start":{"line":18,"column":12},"end":{"line":33,"column":13}}],"line":18},"1":{"loc":{"start":{"line":40,"column":16},"end":{"line":42,"column":17}},"type":"if","locations":[{"start":{"line":40,"column":16},"end":{"line":42,"column":17}},{"start":{"line":40,"column":16},"end":{"line":42,"column":17}}],"line":40},"2":{"loc":{"start":{"line":44,"column":16},"end":{"line":54,"column":17}},"type":"if","locations":[{"start":{"line":44,"column":16},"end":{"line":54,"column":17}},{"start":{"line":44,"column":16},"end":{"line":54,"column":17}}],"line":44},"3":{"loc":{"start":{"line":61,"column":12},"end":{"line":96,"column":13}},"type":"if","locations":[{"start":{"line":61,"column":12},"end":{"line":96,"column":13}},{"start":{"line":61,"column":12},"end":{"line":96,"column":13}}],"line":61},"4":{"loc":{"start":{"line":74,"column":20},"end":{"line":76,"column":21}},"type":"if","locations":[{"start":{"line":74,"column":20},"end":{"line":76,"column":21}},{"start":{"line":74,"column":20},"end":{"line":76,"column":21}}],"line":74},"5":{"loc":{"start":{"line":78,"column":20},"end":{"line":80,"column":21}},"type":"if","locations":[{"start":{"line":78,"column":20},"end":{"line":80,"column":21}},{"start":{"line":78,"column":20},"end":{"line":80,"column":21}}],"line":78},"6":{"loc":{"start":{"line":82,"column":20},"end":{"line":84,"column":21}},"type":"if","locations":[{"start":{"line":82,"column":20},"end":{"line":84,"column":21}},{"start":{"line":82,"column":20},"end":{"line":84,"column":21}}],"line":82},"7":{"loc":{"start":{"line":86,"column":20},"end":{"line":88,"column":21}},"type":"if","locations":[{"start":{"line":86,"column":20},"end":{"line":88,"column":21}},{"start":{"line":86,"column":20},"end":{"line":88,"column":21}}],"line":86},"8":{"loc":{"start":{"line":103,"column":16},"end":{"line":105,"column":17}},"type":"if","locations":[{"start":{"line":103,"column":16},"end":{"line":105,"column":17}},{"start":{"line":103,"column":16},"end":{"line":105,"column":17}}],"line":103},"9":{"loc":{"start":{"line":107,"column":16},"end":{"line":109,"column":17}},"type":"if","locations":[{"start":{"line":107,"column":16},"end":{"line":109,"column":17}},{"start":{"line":107,"column":16},"end":{"line":109,"column":17}}],"line":107},"10":{"loc":{"start":{"line":111,"column":16},"end":{"line":113,"column":17}},"type":"if","locations":[{"start":{"line":111,"column":16},"end":{"line":113,"column":17}},{"start":{"line":111,"column":16},"end":{"line":113,"column":17}}],"line":111}},"s":{"0":1,"1":1,"2":1,"3":1,"4":1,"5":1,"6":2,"7":2,"8":29,"9":31,"10":13,"11":18,"12":4,"13":4,"14":4,"15":0,"16":4,"17":4,"18":13,"19":13,"20":4,"21":11,"22":11,"23":9,"24":9,"25":9,"26":81,"27":81,"28":81,"29":81,"30":81,"31":8,"32":81,"33":10,"34":81,"35":4,"36":81,"37":7,"38":81,"39":9,"40":2,"41":13,"42":13,"43":13,"44":0,"45":13,"46":11,"47":13,"48":2,"49":2,"50":2,"51":0,"52":1},"f":{"0":2,"1":29,"2":31,"3":4,"4":4,"5":4,"6":13,"7":13,"8":11,"9":11,"10":81,"11":9,"12":13,"13":13,"14":13,"15":2,"16":2,"17":0},"b":{"0":[13,18],"1":[0,4],"2":[4,0],"3":[9,2],"4":[8,73],"5":[10,71],"6":[4,77],"7":[7,74],"8":[0,13],"9":[11,2],"10":[2,11]},"_coverageSchema":"332fd63041d2c1bcb487cc26dd0d5f7d97098a6c","hash":"c1bf87ee203433127fcb4cfb09785fac13ce99fd"}
,"/Users/l4nk332/Code/Javascript/Project-Palette/helpers/regular-expressions.js": {"path":"/Users/l4nk332/Code/Javascript/Project-Palette/helpers/regular-expressions.js","statementMap":{"0":{"start":{"line":2,"column":12},"end":{"line":2,"column":85}},"1":{"start":{"line":2,"column":19},"end":{"line":2,"column":85}},"2":{"start":{"line":5,"column":12},"end":{"line":5,"column":332}},"3":{"start":{"line":5,"column":19},"end":{"line":5,"column":332}},"4":{"start":{"line":8,"column":12},"end":{"line":8,"column":300}},"5":{"start":{"line":8,"column":19},"end":{"line":8,"column":300}},"6":{"start":{"line":10,"column":25},"end":{"line":10,"column":1939}},"7":{"start":{"line":13,"column":22},"end":{"line":23,"column":1}},"8":{"start":{"line":14,"column":32},"end":{"line":16,"column":44}},"9":{"start":{"line":18,"column":29},"end":{"line":20,"column":6}},"10":{"start":{"line":19,"column":8},"end":{"line":19,"column":59}},"11":{"start":{"line":22,"column":4},"end":{"line":22,"column":69}},"12":{"start":{"line":26,"column":26},"end":{"line":26,"column":85}},"13":{"start":{"line":26,"column":33},"end":{"line":26,"column":85}},"14":{"start":{"line":29,"column":31},"end":{"line":29,"column":131}},"15":{"start":{"line":29,"column":38},"end":{"line":29,"column":131}},"16":{"start":{"line":31,"column":0},"end":{"line":38,"column":2}}},"fnMap":{"0":{"name":"(anonymous_0)","decl":{"start":{"line":2,"column":12},"end":{"line":2,"column":13}},"loc":{"start":{"line":2,"column":19},"end":{"line":2,"column":85}},"line":2},"1":{"name":"(anonymous_1)","decl":{"start":{"line":5,"column":12},"end":{"line":5,"column":13}},"loc":{"start":{"line":5,"column":19},"end":{"line":5,"column":332}},"line":5},"2":{"name":"(anonymous_2)","decl":{"start":{"line":8,"column":12},"end":{"line":8,"column":13}},"loc":{"start":{"line":8,"column":19},"end":{"line":8,"column":300}},"line":8},"3":{"name":"(anonymous_3)","decl":{"start":{"line":13,"column":22},"end":{"line":13,"column":23}},"loc":{"start":{"line":13,"column":29},"end":{"line":23,"column":1}},"line":13},"4":{"name":"(anonymous_4)","decl":{"start":{"line":18,"column":58},"end":{"line":18,"column":59}},"loc":{"start":{"line":18,"column":78},"end":{"line":20,"column":5}},"line":18},"5":{"name":"(anonymous_5)","decl":{"start":{"line":26,"column":26},"end":{"line":26,"column":27}},"loc":{"start":{"line":26,"column":33},"end":{"line":26,"column":85}},"line":26},"6":{"name":"(anonymous_6)","decl":{"start":{"line":29,"column":31},"end":{"line":29,"column":32}},"loc":{"start":{"line":29,"column":38},"end":{"line":29,"column":131}},"line":29}},"branchMap":{"0":{"loc":{"start":{"line":22,"column":11},"end":{"line":22,"column":68}},"type":"cond-expr","locations":[{"start":{"line":22,"column":43},"end":{"line":22,"column":61}},{"start":{"line":22,"column":64},"end":{"line":22,"column":68}}],"line":22}},"s":{"0":2,"1":111,"2":2,"3":106,"4":2,"5":100,"6":2,"7":2,"8":97,"9":97,"10":852,"11":97,"12":2,"13":25,"14":2,"15":39,"16":2},"f":{"0":111,"1":106,"2":100,"3":97,"4":852,"5":25,"6":39},"b":{"0":[16,81]},"_coverageSchema":"332fd63041d2c1bcb487cc26dd0d5f7d97098a6c","hash":"9e64dd002506c0bbdc03f3c6d602f86eba4953ed"}
}
