{"/Users/l4nk332/Code/Javascript/Project-Palette/helpers/git-utils.js": {"path":"/Users/l4nk332/Code/Javascript/Project-Palette/helpers/git-utils.js","statementMap":{"0":{"start":{"line":1,"column":21},"end":{"line":1,"column":45}},"1":{"start":{"line":2,"column":15},"end":{"line":2,"column":32}},"2":{"start":{"line":3,"column":16},"end":{"line":3,"column":34}},"3":{"start":{"line":5,"column":17},"end":{"line":19,"column":1}},"4":{"start":{"line":6,"column":2},"end":{"line":18,"column":5}},"5":{"start":{"line":7,"column":4},"end":{"line":17,"column":6}},"6":{"start":{"line":11,"column":8},"end":{"line":15,"column":9}},"7":{"start":{"line":12,"column":10},"end":{"line":12,"column":22}},"8":{"start":{"line":14,"column":10},"end":{"line":14,"column":29}},"9":{"start":{"line":21,"column":27},"end":{"line":33,"column":1}},"10":{"start":{"line":22,"column":22},"end":{"line":22,"column":34}},"11":{"start":{"line":23,"column":16},"end":{"line":23,"column":58}},"12":{"start":{"line":24,"column":18},"end":{"line":24,"column":68}},"13":{"start":{"line":25,"column":19},"end":{"line":25,"column":54}},"14":{"start":{"line":27,"column":2},"end":{"line":32,"column":4}},"15":{"start":{"line":35,"column":0},"end":{"line":38,"column":2}}},"fnMap":{"0":{"name":"(anonymous_0)","decl":{"start":{"line":5,"column":17},"end":{"line":5,"column":18}},"loc":{"start":{"line":5,"column":37},"end":{"line":19,"column":1}},"line":5},"1":{"name":"(anonymous_1)","decl":{"start":{"line":6,"column":21},"end":{"line":6,"column":22}},"loc":{"start":{"line":6,"column":42},"end":{"line":18,"column":3}},"line":6},"2":{"name":"(anonymous_2)","decl":{"start":{"line":10,"column":6},"end":{"line":10,"column":7}},"loc":{"start":{"line":10,"column":13},"end":{"line":16,"column":7}},"line":10},"3":{"name":"(anonymous_3)","decl":{"start":{"line":21,"column":27},"end":{"line":21,"column":28}},"loc":{"start":{"line":21,"column":34},"end":{"line":33,"column":1}},"line":21}},"branchMap":{"0":{"loc":{"start":{"line":11,"column":8},"end":{"line":15,"column":9}},"type":"if","locations":[{"start":{"line":11,"column":8},"end":{"line":15,"column":9}},{"start":{"line":11,"column":8},"end":{"line":15,"column":9}}],"line":11}},"s":{"0":1,"1":1,"2":1,"3":1,"4":5,"5":5,"6":5,"7":4,"8":1,"9":1,"10":1001,"11":1001,"12":1001,"13":1001,"14":1001,"15":1},"f":{"0":5,"1":5,"2":5,"3":1001},"b":{"0":[4,1]},"_coverageSchema":"332fd63041d2c1bcb487cc26dd0d5f7d97098a6c","hash":"1182730a64ebc52f4efd62345f3f5bbdc36c612d"}
,"/Users/l4nk332/Code/Javascript/Project-Palette/helpers/palette-parser.js": {"path":"/Users/l4nk332/Code/Javascript/Project-Palette/helpers/palette-parser.js","statementMap":{"0":{"start":{"line":1,"column":17},"end":{"line":1,"column":36}},"1":{"start":{"line":2,"column":11},"end":{"line":2,"column":24}},"2":{"start":{"line":3,"column":13},"end":{"line":3,"column":28}},"3":{"start":{"line":4,"column":16},"end":{"line":4,"column":34}},"4":{"start":{"line":6,"column":41},"end":{"line":6,"column":73}},"5":{"start":{"line":10,"column":4},"end":{"line":10,"column":36}},"6":{"start":{"line":14,"column":4},"end":{"line":14,"column":23}},"7":{"start":{"line":15,"column":4},"end":{"line":15,"column":31}},"8":{"start":{"line":19,"column":4},"end":{"line":38,"column":7}},"9":{"start":{"line":20,"column":6},"end":{"line":37,"column":7}},"10":{"start":{"line":21,"column":8},"end":{"line":25,"column":11}},"11":{"start":{"line":27,"column":8},"end":{"line":36,"column":10}},"12":{"start":{"line":42,"column":4},"end":{"line":60,"column":7}},"13":{"start":{"line":43,"column":6},"end":{"line":59,"column":9}},"14":{"start":{"line":44,"column":8},"end":{"line":58,"column":9}},"15":{"start":{"line":45,"column":10},"end":{"line":45,"column":29}},"16":{"start":{"line":46,"column":15},"end":{"line":58,"column":9}},"17":{"start":{"line":47,"column":28},"end":{"line":53,"column":14}},"18":{"start":{"line":49,"column":14},"end":{"line":49,"column":46}},"19":{"start":{"line":52,"column":14},"end":{"line":52,"column":72}},"20":{"start":{"line":55,"column":10},"end":{"line":55,"column":56}},"21":{"start":{"line":57,"column":10},"end":{"line":57,"column":27}},"22":{"start":{"line":64,"column":4},"end":{"line":103,"column":7}},"23":{"start":{"line":65,"column":6},"end":{"line":102,"column":7}},"24":{"start":{"line":66,"column":19},"end":{"line":68,"column":10}},"25":{"start":{"line":70,"column":24},"end":{"line":70,"column":25}},"26":{"start":{"line":72,"column":8},"end":{"line":99,"column":13}},"27":{"start":{"line":74,"column":31},"end":{"line":74,"column":40}},"28":{"start":{"line":75,"column":31},"end":{"line":75,"column":40}},"29":{"start":{"line":76,"column":31},"end":{"line":76,"column":40}},"30":{"start":{"line":77,"column":37},"end":{"line":77,"column":56}},"31":{"start":{"line":79,"column":12},"end":{"line":81,"column":13}},"32":{"start":{"line":80,"column":14},"end":{"line":80,"column":60}},"33":{"start":{"line":83,"column":12},"end":{"line":85,"column":13}},"34":{"start":{"line":84,"column":14},"end":{"line":84,"column":60}},"35":{"start":{"line":87,"column":12},"end":{"line":89,"column":13}},"36":{"start":{"line":88,"column":14},"end":{"line":88,"column":60}},"37":{"start":{"line":91,"column":12},"end":{"line":93,"column":13}},"38":{"start":{"line":92,"column":14},"end":{"line":92,"column":66}},"39":{"start":{"line":95,"column":12},"end":{"line":95,"column":24}},"40":{"start":{"line":98,"column":12},"end":{"line":98,"column":29}},"41":{"start":{"line":101,"column":8},"end":{"line":101,"column":25}},"42":{"start":{"line":107,"column":4},"end":{"line":119,"column":7}},"43":{"start":{"line":108,"column":6},"end":{"line":118,"column":9}},"44":{"start":{"line":109,"column":8},"end":{"line":117,"column":9}},"45":{"start":{"line":110,"column":10},"end":{"line":110,"column":29}},"46":{"start":{"line":111,"column":15},"end":{"line":117,"column":9}},"47":{"start":{"line":112,"column":10},"end":{"line":112,"column":50}},"48":{"start":{"line":113,"column":15},"end":{"line":117,"column":9}},"49":{"start":{"line":114,"column":10},"end":{"line":114,"column":55}},"50":{"start":{"line":116,"column":10},"end":{"line":116,"column":27}},"51":{"start":{"line":123,"column":4},"end":{"line":129,"column":9}},"52":{"start":{"line":125,"column":8},"end":{"line":125,"column":29}},"53":{"start":{"line":128,"column":8},"end":{"line":128,"column":18}},"54":{"start":{"line":133,"column":0},"end":{"line":133,"column":31}}},"fnMap":{"0":{"name":"(anonymous_0)","decl":{"start":{"line":13,"column":2},"end":{"line":13,"column":3}},"loc":{"start":{"line":13,"column":25},"end":{"line":16,"column":3}},"line":13},"1":{"name":"(anonymous_1)","decl":{"start":{"line":18,"column":2},"end":{"line":18,"column":3}},"loc":{"start":{"line":18,"column":45},"end":{"line":39,"column":3}},"line":18},"2":{"name":"(anonymous_2)","decl":{"start":{"line":19,"column":22},"end":{"line":19,"column":23}},"loc":{"start":{"line":19,"column":31},"end":{"line":38,"column":5}},"line":19},"3":{"name":"(anonymous_3)","decl":{"start":{"line":41,"column":2},"end":{"line":41,"column":3}},"loc":{"start":{"line":41,"column":23},"end":{"line":61,"column":3}},"line":41},"4":{"name":"(anonymous_4)","decl":{"start":{"line":42,"column":23},"end":{"line":42,"column":24}},"loc":{"start":{"line":42,"column":44},"end":{"line":60,"column":5}},"line":42},"5":{"name":"(anonymous_5)","decl":{"start":{"line":43,"column":22},"end":{"line":43,"column":23}},"loc":{"start":{"line":43,"column":38},"end":{"line":59,"column":7}},"line":43},"6":{"name":"(anonymous_6)","decl":{"start":{"line":48,"column":20},"end":{"line":48,"column":21}},"loc":{"start":{"line":48,"column":28},"end":{"line":50,"column":13}},"line":48},"7":{"name":"(anonymous_7)","decl":{"start":{"line":51,"column":17},"end":{"line":51,"column":18}},"loc":{"start":{"line":51,"column":25},"end":{"line":53,"column":13}},"line":51},"8":{"name":"(anonymous_8)","decl":{"start":{"line":63,"column":2},"end":{"line":63,"column":3}},"loc":{"start":{"line":63,"column":19},"end":{"line":104,"column":3}},"line":63},"9":{"name":"(anonymous_9)","decl":{"start":{"line":64,"column":23},"end":{"line":64,"column":24}},"loc":{"start":{"line":64,"column":34},"end":{"line":103,"column":5}},"line":64},"10":{"name":"(anonymous_10)","decl":{"start":{"line":73,"column":22},"end":{"line":73,"column":23}},"loc":{"start":{"line":73,"column":30},"end":{"line":96,"column":11}},"line":73},"11":{"name":"(anonymous_11)","decl":{"start":{"line":97,"column":23},"end":{"line":97,"column":24}},"loc":{"start":{"line":97,"column":29},"end":{"line":99,"column":11}},"line":97},"12":{"name":"(anonymous_12)","decl":{"start":{"line":106,"column":2},"end":{"line":106,"column":3}},"loc":{"start":{"line":106,"column":31},"end":{"line":120,"column":3}},"line":106},"13":{"name":"(anonymous_13)","decl":{"start":{"line":107,"column":23},"end":{"line":107,"column":24}},"loc":{"start":{"line":107,"column":44},"end":{"line":119,"column":5}},"line":107},"14":{"name":"(anonymous_14)","decl":{"start":{"line":108,"column":23},"end":{"line":108,"column":24}},"loc":{"start":{"line":108,"column":39},"end":{"line":118,"column":7}},"line":108},"15":{"name":"(anonymous_15)","decl":{"start":{"line":122,"column":2},"end":{"line":122,"column":3}},"loc":{"start":{"line":122,"column":21},"end":{"line":130,"column":3}},"line":122},"16":{"name":"(anonymous_16)","decl":{"start":{"line":124,"column":12},"end":{"line":124,"column":13}},"loc":{"start":{"line":124,"column":18},"end":{"line":126,"column":7}},"line":124},"17":{"name":"(anonymous_17)","decl":{"start":{"line":127,"column":13},"end":{"line":127,"column":14}},"loc":{"start":{"line":127,"column":20},"end":{"line":129,"column":7}},"line":127}},"branchMap":{"0":{"loc":{"start":{"line":20,"column":6},"end":{"line":37,"column":7}},"type":"if","locations":[{"start":{"line":20,"column":6},"end":{"line":37,"column":7}},{"start":{"line":20,"column":6},"end":{"line":37,"column":7}}],"line":20},"1":{"loc":{"start":{"line":44,"column":8},"end":{"line":58,"column":9}},"type":"if","locations":[{"start":{"line":44,"column":8},"end":{"line":58,"column":9}},{"start":{"line":44,"column":8},"end":{"line":58,"column":9}}],"line":44},"2":{"loc":{"start":{"line":46,"column":15},"end":{"line":58,"column":9}},"type":"if","locations":[{"start":{"line":46,"column":15},"end":{"line":58,"column":9}},{"start":{"line":46,"column":15},"end":{"line":58,"column":9}}],"line":46},"3":{"loc":{"start":{"line":65,"column":6},"end":{"line":102,"column":7}},"type":"if","locations":[{"start":{"line":65,"column":6},"end":{"line":102,"column":7}},{"start":{"line":65,"column":6},"end":{"line":102,"column":7}}],"line":65},"4":{"loc":{"start":{"line":79,"column":12},"end":{"line":81,"column":13}},"type":"if","locations":[{"start":{"line":79,"column":12},"end":{"line":81,"column":13}},{"start":{"line":79,"column":12},"end":{"line":81,"column":13}}],"line":79},"5":{"loc":{"start":{"line":83,"column":12},"end":{"line":85,"column":13}},"type":"if","locations":[{"start":{"line":83,"column":12},"end":{"line":85,"column":13}},{"start":{"line":83,"column":12},"end":{"line":85,"column":13}}],"line":83},"6":{"loc":{"start":{"line":87,"column":12},"end":{"line":89,"column":13}},"type":"if","locations":[{"start":{"line":87,"column":12},"end":{"line":89,"column":13}},{"start":{"line":87,"column":12},"end":{"line":89,"column":13}}],"line":87},"7":{"loc":{"start":{"line":91,"column":12},"end":{"line":93,"column":13}},"type":"if","locations":[{"start":{"line":91,"column":12},"end":{"line":93,"column":13}},{"start":{"line":91,"column":12},"end":{"line":93,"column":13}}],"line":91},"8":{"loc":{"start":{"line":109,"column":8},"end":{"line":117,"column":9}},"type":"if","locations":[{"start":{"line":109,"column":8},"end":{"line":117,"column":9}},{"start":{"line":109,"column":8},"end":{"line":117,"column":9}}],"line":109},"9":{"loc":{"start":{"line":111,"column":15},"end":{"line":117,"column":9}},"type":"if","locations":[{"start":{"line":111,"column":15},"end":{"line":117,"column":9}},{"start":{"line":111,"column":15},"end":{"line":117,"column":9}}],"line":111},"10":{"loc":{"start":{"line":113,"column":15},"end":{"line":117,"column":9}},"type":"if","locations":[{"start":{"line":113,"column":15},"end":{"line":117,"column":9}},{"start":{"line":113,"column":15},"end":{"line":117,"column":9}}],"line":113}},"s":{"0":1,"1":1,"2":1,"3":1,"4":1,"5":1,"6":6,"7":6,"8":29,"9":31,"10":13,"11":18,"12":6,"13":6,"14":6,"15":1,"16":5,"17":4,"18":13,"19":13,"20":4,"21":1,"22":11,"23":11,"24":9,"25":9,"26":9,"27":81,"28":81,"29":81,"30":81,"31":81,"32":8,"33":81,"34":10,"35":81,"36":4,"37":81,"38":7,"39":81,"40":9,"41":2,"42":16,"43":16,"44":16,"45":1,"46":15,"47":11,"48":4,"49":3,"50":1,"51":3,"52":2,"53":1,"54":1},"f":{"0":6,"1":29,"2":31,"3":6,"4":6,"5":6,"6":13,"7":13,"8":11,"9":11,"10":81,"11":9,"12":16,"13":16,"14":16,"15":3,"16":2,"17":1},"b":{"0":[13,18],"1":[1,5],"2":[4,1],"3":[9,2],"4":[8,73],"5":[10,71],"6":[4,77],"7":[7,74],"8":[1,15],"9":[11,4],"10":[3,1]},"_coverageSchema":"332fd63041d2c1bcb487cc26dd0d5f7d97098a6c","hash":"32c0abf3f66c912fd531cb91765196c385595fd9"}
,"/Users/l4nk332/Code/Javascript/Project-Palette/helpers/regular-expressions.js": {"path":"/Users/l4nk332/Code/Javascript/Project-Palette/helpers/regular-expressions.js","statementMap":{"0":{"start":{"line":2,"column":12},"end":{"line":3,"column":68}},"1":{"start":{"line":3,"column":2},"end":{"line":3,"column":68}},"2":{"start":{"line":6,"column":12},"end":{"line":9,"column":3}},"3":{"start":{"line":7,"column":2},"end":{"line":9,"column":3}},"4":{"start":{"line":12,"column":12},"end":{"line":15,"column":3}},"5":{"start":{"line":13,"column":2},"end":{"line":15,"column":3}},"6":{"start":{"line":17,"column":25},"end":{"line":166,"column":1}},"7":{"start":{"line":169,"column":22},"end":{"line":180,"column":1}},"8":{"start":{"line":170,"column":30},"end":{"line":173,"column":18}},"9":{"start":{"line":175,"column":27},"end":{"line":177,"column":4}},"10":{"start":{"line":176,"column":4},"end":{"line":176,"column":55}},"11":{"start":{"line":179,"column":2},"end":{"line":179,"column":67}},"12":{"start":{"line":183,"column":26},"end":{"line":184,"column":54}},"13":{"start":{"line":184,"column":2},"end":{"line":184,"column":54}},"14":{"start":{"line":187,"column":31},"end":{"line":190,"column":3}},"15":{"start":{"line":188,"column":2},"end":{"line":190,"column":3}},"16":{"start":{"line":192,"column":0},"end":{"line":199,"column":2}}},"fnMap":{"0":{"name":"(anonymous_0)","decl":{"start":{"line":2,"column":12},"end":{"line":2,"column":13}},"loc":{"start":{"line":3,"column":2},"end":{"line":3,"column":68}},"line":3},"1":{"name":"(anonymous_1)","decl":{"start":{"line":6,"column":12},"end":{"line":6,"column":13}},"loc":{"start":{"line":7,"column":2},"end":{"line":9,"column":3}},"line":7},"2":{"name":"(anonymous_2)","decl":{"start":{"line":12,"column":12},"end":{"line":12,"column":13}},"loc":{"start":{"line":13,"column":2},"end":{"line":15,"column":3}},"line":13},"3":{"name":"(anonymous_3)","decl":{"start":{"line":169,"column":22},"end":{"line":169,"column":23}},"loc":{"start":{"line":169,"column":29},"end":{"line":180,"column":1}},"line":169},"4":{"name":"(anonymous_4)","decl":{"start":{"line":175,"column":56},"end":{"line":175,"column":57}},"loc":{"start":{"line":175,"column":76},"end":{"line":177,"column":3}},"line":175},"5":{"name":"(anonymous_5)","decl":{"start":{"line":183,"column":26},"end":{"line":183,"column":27}},"loc":{"start":{"line":184,"column":2},"end":{"line":184,"column":54}},"line":184},"6":{"name":"(anonymous_6)","decl":{"start":{"line":187,"column":31},"end":{"line":187,"column":32}},"loc":{"start":{"line":188,"column":2},"end":{"line":190,"column":3}},"line":188}},"branchMap":{"0":{"loc":{"start":{"line":179,"column":9},"end":{"line":179,"column":66}},"type":"cond-expr","locations":[{"start":{"line":179,"column":41},"end":{"line":179,"column":59}},{"start":{"line":179,"column":62},"end":{"line":179,"column":66}}],"line":179}},"s":{"0":2,"1":111,"2":2,"3":106,"4":2,"5":100,"6":2,"7":2,"8":97,"9":97,"10":839,"11":97,"12":2,"13":25,"14":2,"15":39,"16":2},"f":{"0":111,"1":106,"2":100,"3":97,"4":839,"5":25,"6":39},"b":{"0":[16,81]},"_coverageSchema":"332fd63041d2c1bcb487cc26dd0d5f7d97098a6c","hash":"303a8d6e0002276dabc22e82e3f212b17d0dafe8"}
}
