TN:
SF:/Users/l4nk332/Code/Javascript/Project-Palette/helpers/git-utils.js
FN:7,(anonymous_0)
FN:8,(anonymous_1)
FN:9,(anonymous_2)
FN:19,(anonymous_3)
FNF:4
FNH:4
FNDA:2,(anonymous_0)
FNDA:2,(anonymous_1)
FNDA:2,(anonymous_2)
FNDA:1001,(anonymous_3)
DA:1,1
DA:2,1
DA:3,1
DA:4,1
DA:7,1
DA:8,2
DA:9,2
DA:10,2
DA:11,1
DA:13,1
DA:19,1
DA:20,1001
DA:21,1001
DA:22,1001
DA:23,1001
DA:25,1001
DA:33,1
LF:17
LH:17
BRDA:10,0,0,1
BRDA:10,0,1,1
BRF:2
BRH:2
end_of_record
TN:
SF:/Users/l4nk332/Code/Javascript/Project-Palette/helpers/palette-parser.js
FN:11,(anonymous_0)
FN:16,(anonymous_1)
FN:17,(anonymous_2)
FN:37,(anonymous_3)
FN:38,(anonymous_4)
FN:39,(anonymous_5)
FN:46,(anonymous_6)
FN:49,(anonymous_7)
FN:59,(anonymous_8)
FN:60,(anonymous_9)
FN:68,(anonymous_10)
FN:91,(anonymous_11)
FN:100,(anonymous_12)
FN:101,(anonymous_13)
FN:102,(anonymous_14)
FN:118,(anonymous_15)
FN:119,(anonymous_16)
FN:121,(anonymous_17)
FNF:18
FNH:17
FNDA:2,(anonymous_0)
FNDA:29,(anonymous_1)
FNDA:31,(anonymous_2)
FNDA:4,(anonymous_3)
FNDA:4,(anonymous_4)
FNDA:4,(anonymous_5)
FNDA:13,(anonymous_6)
FNDA:13,(anonymous_7)
FNDA:11,(anonymous_8)
FNDA:11,(anonymous_9)
FNDA:81,(anonymous_10)
FNDA:9,(anonymous_11)
FNDA:13,(anonymous_12)
FNDA:13,(anonymous_13)
FNDA:13,(anonymous_14)
FNDA:2,(anonymous_15)
FNDA:2,(anonymous_16)
FNDA:0,(anonymous_17)
DA:1,1
DA:2,1
DA:3,1
DA:4,1
DA:6,1
DA:7,1
DA:12,2
DA:13,2
DA:17,29
DA:18,31
DA:19,13
DA:25,18
DA:38,4
DA:39,4
DA:40,4
DA:41,0
DA:44,4
DA:45,4
DA:47,13
DA:50,13
DA:53,4
DA:60,11
DA:61,11
DA:62,9
DA:66,9
DA:68,9
DA:69,81
DA:70,81
DA:71,81
DA:72,81
DA:74,81
DA:75,8
DA:78,81
DA:79,10
DA:82,81
DA:83,4
DA:86,81
DA:87,7
DA:90,81
DA:92,9
DA:95,2
DA:101,13
DA:102,13
DA:103,13
DA:104,0
DA:107,13
DA:108,11
DA:111,13
DA:112,2
DA:119,2
DA:120,2
DA:122,0
DA:127,1
LF:53
LH:50
BRDA:18,0,0,13
BRDA:18,0,1,18
BRDA:40,1,0,0
BRDA:40,1,1,4
BRDA:44,2,0,4
BRDA:44,2,1,0
BRDA:61,3,0,9
BRDA:61,3,1,2
BRDA:74,4,0,8
BRDA:74,4,1,73
BRDA:78,5,0,10
BRDA:78,5,1,71
BRDA:82,6,0,4
BRDA:82,6,1,77
BRDA:86,7,0,7
BRDA:86,7,1,74
BRDA:103,8,0,0
BRDA:103,8,1,13
BRDA:107,9,0,11
BRDA:107,9,1,2
BRDA:111,10,0,2
BRDA:111,10,1,11
BRF:22
BRH:19
end_of_record
TN:
SF:/Users/l4nk332/Code/Javascript/Project-Palette/helpers/regular-expressions.js
FN:2,(anonymous_0)
FN:5,(anonymous_1)
FN:8,(anonymous_2)
FN:13,(anonymous_3)
FN:18,(anonymous_4)
FN:26,(anonymous_5)
FN:29,(anonymous_6)
FNF:7
FNH:7
FNDA:111,(anonymous_0)
FNDA:106,(anonymous_1)
FNDA:100,(anonymous_2)
FNDA:97,(anonymous_3)
FNDA:852,(anonymous_4)
FNDA:25,(anonymous_5)
FNDA:39,(anonymous_6)
DA:2,111
DA:5,106
DA:8,100
DA:10,2
DA:13,2
DA:14,97
DA:18,97
DA:19,852
DA:22,97
DA:26,25
DA:29,39
DA:31,2
LF:12
LH:12
BRDA:22,0,0,16
BRDA:22,0,1,81
BRF:2
BRH:2
end_of_record
