TN:
SF:/Users/l4nk332/Code/Javascript/Project-Palette/helpers/git-utils.js
FN:7,(anonymous_0)
FN:8,(anonymous_1)
FN:9,(anonymous_2)
FN:19,(anonymous_3)
FNF:4
FNH:4
FNDA:2,(anonymous_0)
FNDA:2,(anonymous_1)
FNDA:2,(anonymous_2)
FNDA:1001,(anonymous_3)
DA:1,1
DA:2,1
DA:3,1
DA:4,1
DA:7,1
DA:8,2
DA:9,2
DA:10,2
DA:11,1
DA:13,1
DA:19,1
DA:20,1001
DA:21,1001
DA:22,1001
DA:23,1001
DA:25,1001
DA:33,1
LF:17
LH:17
BRDA:10,0,0,1
BRDA:10,0,1,1
BRF:2
BRH:2
end_of_record
TN:
SF:/Users/l4nk332/Code/Javascript/Project-Palette/helpers/palette-parser.js
FN:11,(anonymous_0)
FN:16,(anonymous_1)
FN:17,(anonymous_2)
FN:37,(anonymous_3)
FN:38,(anonymous_4)
FN:39,(anonymous_5)
FN:46,(anonymous_6)
FN:49,(anonymous_7)
FN:63,(anonymous_8)
FN:64,(anonymous_9)
FN:72,(anonymous_10)
FN:95,(anonymous_11)
FN:104,(anonymous_12)
FN:105,(anonymous_13)
FN:106,(anonymous_14)
FN:126,(anonymous_15)
FN:127,(anonymous_16)
FN:129,(anonymous_17)
FNF:18
FNH:18
FNDA:6,(anonymous_0)
FNDA:29,(anonymous_1)
FNDA:31,(anonymous_2)
FNDA:6,(anonymous_3)
FNDA:6,(anonymous_4)
FNDA:6,(anonymous_5)
FNDA:13,(anonymous_6)
FNDA:13,(anonymous_7)
FNDA:11,(anonymous_8)
FNDA:11,(anonymous_9)
FNDA:81,(anonymous_10)
FNDA:9,(anonymous_11)
FNDA:16,(anonymous_12)
FNDA:16,(anonymous_13)
FNDA:16,(anonymous_14)
FNDA:3,(anonymous_15)
FNDA:2,(anonymous_16)
FNDA:1,(anonymous_17)
DA:1,1
DA:2,1
DA:3,1
DA:4,1
DA:6,1
DA:7,1
DA:12,6
DA:13,6
DA:17,29
DA:18,31
DA:19,13
DA:25,18
DA:38,6
DA:39,6
DA:40,6
DA:41,1
DA:44,5
DA:45,4
DA:47,13
DA:50,13
DA:53,4
DA:57,1
DA:64,11
DA:65,11
DA:66,9
DA:70,9
DA:72,9
DA:73,81
DA:74,81
DA:75,81
DA:76,81
DA:78,81
DA:79,8
DA:82,81
DA:83,10
DA:86,81
DA:87,4
DA:90,81
DA:91,7
DA:94,81
DA:96,9
DA:99,2
DA:105,16
DA:106,16
DA:107,16
DA:108,1
DA:111,15
DA:112,11
DA:115,4
DA:116,3
DA:120,1
DA:127,3
DA:128,2
DA:130,1
DA:135,1
LF:55
LH:55
BRDA:18,0,0,13
BRDA:18,0,1,18
BRDA:40,1,0,1
BRDA:40,1,1,5
BRDA:44,2,0,4
BRDA:44,2,1,1
BRDA:65,3,0,9
BRDA:65,3,1,2
BRDA:78,4,0,8
BRDA:78,4,1,73
BRDA:82,5,0,10
BRDA:82,5,1,71
BRDA:86,6,0,4
BRDA:86,6,1,77
BRDA:90,7,0,7
BRDA:90,7,1,74
BRDA:107,8,0,1
BRDA:107,8,1,15
BRDA:111,9,0,11
BRDA:111,9,1,4
BRDA:115,10,0,3
BRDA:115,10,1,1
BRF:22
BRH:22
end_of_record
TN:
SF:/Users/l4nk332/Code/Javascript/Project-Palette/helpers/regular-expressions.js
FN:2,(anonymous_0)
FN:5,(anonymous_1)
FN:8,(anonymous_2)
FN:13,(anonymous_3)
FN:18,(anonymous_4)
FN:26,(anonymous_5)
FN:29,(anonymous_6)
FNF:7
FNH:7
FNDA:111,(anonymous_0)
FNDA:106,(anonymous_1)
FNDA:100,(anonymous_2)
FNDA:97,(anonymous_3)
FNDA:839,(anonymous_4)
FNDA:25,(anonymous_5)
FNDA:39,(anonymous_6)
DA:2,111
DA:5,106
DA:8,100
DA:10,2
DA:13,2
DA:14,97
DA:18,97
DA:19,839
DA:22,97
DA:26,25
DA:29,39
DA:31,2
LF:12
LH:12
BRDA:22,0,0,16
BRDA:22,0,1,81
BRF:2
BRH:2
end_of_record
